# JRE version: OpenJDK Runtime Environment (8.0_202-b03) (build 1.8.0_202-release-1483-b03)
# Java VM: OpenJDK 64-Bit Server VM (25.202-b03 mixed mode windows-amd64 compressed oops)
Heap:
 PSYoungGen      total 198656K, used 195173K [0x00000000e0000000, 0x00000000efa00000, 0x0000000100000000)
  eden space 151552K, 100% used [0x00000000e0000000,0x00000000e9400000,0x00000000e9400000)
  from space 47104K, 92% used [0x00000000e9900000,0x00000000ec3997b0,0x00000000ec700000)
  to   space 52224K, 28% used [0x00000000ec700000,0x00000000ed59d6f0,0x00000000efa00000)
 ParOldGen       total 124416K, used 96167K [0x00000000a0000000, 0x00000000a7980000, 0x00000000e0000000)
  object space 124416K, 77% used [0x00000000a0000000,0x00000000a5de9d48,0x00000000a7980000)
 Metaspace       used 91731K, capacity 97462K, committed 97496K, reserved 1134592K
  class space    used 11796K, capacity 12774K, committed 12800K, reserved 1048576K
GC Heap History (10 events):
Event: 3836.254 GC heap after
Heap after GC invocations=24 (full 3):
 PSYoungGen      total 189952K, used 16147K [0x00000000e0000000, 0x00000000f0080000, 0x0000000100000000)
  eden space 173568K, 0% used [0x00000000e0000000,0x00000000e0000000,0x00000000ea980000)
  from space 16384K, 98% used [0x00000000eaf80000,0x00000000ebf44d88,0x00000000ebf80000)
  to   space 44544K, 0% used [0x00000000ed500000,0x00000000ed500000,0x00000000f0080000)
 ParOldGen       total 124416K, used 96127K [0x00000000a0000000, 0x00000000a7980000, 0x00000000e0000000)
  object space 124416K, 77% used [0x00000000a0000000,0x00000000a5ddfd48,0x00000000a7980000)
 Metaspace       used 90122K, capacity 94596K, committed 94936K, reserved 1132544K
  class space    used 11599K, capacity 12449K, committed 12544K, reserved 1048576K
}
Event: 3847.944 GC heap before
{Heap before GC invocations=25 (full 3):
 PSYoungGen      total 189952K, used 189715K [0x00000000e0000000, 0x00000000f0080000, 0x0000000100000000)
  eden space 173568K, 100% used [0x00000000e0000000,0x00000000ea980000,0x00000000ea980000)
  from space 16384K, 98% used [0x00000000eaf80000,0x00000000ebf44d88,0x00000000ebf80000)
  to   space 44544K, 0% used [0x00000000ed500000,0x00000000ed500000,0x00000000f0080000)
 ParOldGen       total 124416K, used 96127K [0x00000000a0000000, 0x00000000a7980000, 0x00000000e0000000)
  object space 124416K, 77% used [0x00000000a0000000,0x00000000a5ddfd48,0x00000000a7980000)
 Metaspace       used 90290K, capacity 94856K, committed 95192K, reserved 1132544K
  class space    used 11599K, capacity 12449K, committed 12544K, reserved 1048576K
Event: 3848.056 GC heap after
Heap after GC invocations=25 (full 3):
 PSYoungGen      total 211968K, used 43515K [0x00000000e0000000, 0x00000000f0700000, 0x0000000100000000)
  eden space 167424K, 0% used [0x00000000e0000000,0x00000000e0000000,0x00000000ea380000)
  from space 44544K, 97% used [0x00000000ed500000,0x00000000eff7edf8,0x00000000f0080000)
  to   space 50688K, 0% used [0x00000000ea380000,0x00000000ea380000,0x00000000ed500000)
 ParOldGen       total 124416K, used 96135K [0x00000000a0000000, 0x00000000a7980000, 0x00000000e0000000)
  object space 124416K, 77% used [0x00000000a0000000,0x00000000a5de1d48,0x00000000a7980000)
 Metaspace       used 90290K, capacity 94856K, committed 95192K, reserved 1132544K
  class space    used 11599K, capacity 12449K, committed 12544K, reserved 1048576K
}
Event: 3971.770 GC heap before
{Heap before GC invocations=26 (full 3):
 PSYoungGen      total 211968K, used 210939K [0x00000000e0000000, 0x00000000f0700000, 0x0000000100000000)
  eden space 167424K, 100% used [0x00000000e0000000,0x00000000ea380000,0x00000000ea380000)
  from space 44544K, 97% used [0x00000000ed500000,0x00000000eff7edf8,0x00000000f0080000)
  to   space 50688K, 0% used [0x00000000ea380000,0x00000000ea380000,0x00000000ed500000)
 ParOldGen       total 124416K, used 96135K [0x00000000a0000000, 0x00000000a7980000, 0x00000000e0000000)
  object space 124416K, 77% used [0x00000000a0000000,0x00000000a5de1d48,0x00000000a7980000)
 Metaspace       used 90426K, capacity 94932K, committed 95192K, reserved 1132544K
  class space    used 11599K, capacity 12449K, committed 12544K, reserved 1048576K
Event: 3971.831 GC heap after
Heap after GC invocations=26 (full 3):
 PSYoungGen      total 182272K, used 20099K [0x00000000e0000000, 0x00000000efc00000, 0x0000000100000000)
  eden space 161792K, 0% used [0x00000000e0000000,0x00000000e0000000,0x00000000e9e00000)
  from space 20480K, 98% used [0x00000000ea380000,0x00000000eb720d98,0x00000000eb780000)
  to   space 48128K, 0% used [0x00000000ecd00000,0x00000000ecd00000,0x00000000efc00000)
 ParOldGen       total 124416K, used 96143K [0x00000000a0000000, 0x00000000a7980000, 0x00000000e0000000)
  object space 124416K, 77% used [0x00000000a0000000,0x00000000a5de3d48,0x00000000a7980000)
 Metaspace       used 90426K, capacity 94932K, committed 95192K, reserved 1132544K
  class space    used 11599K, capacity 12449K, committed 12544K, reserved 1048576K
}
Event: 4457.895 GC heap before
{Heap before GC invocations=27 (full 3):
 PSYoungGen      total 182272K, used 181891K [0x00000000e0000000, 0x00000000efc00000, 0x0000000100000000)
  eden space 161792K, 100% used [0x00000000e0000000,0x00000000e9e00000,0x00000000e9e00000)
  from space 20480K, 98% used [0x00000000ea380000,0x00000000eb720d98,0x00000000eb780000)
  to   space 48128K, 0% used [0x00000000ecd00000,0x00000000ecd00000,0x00000000efc00000)
 ParOldGen       total 124416K, used 96143K [0x00000000a0000000, 0x00000000a7980000, 0x00000000e0000000)
  object space 124416K, 77% used [0x00000000a0000000,0x00000000a5de3d48,0x00000000a7980000)
 Metaspace       used 90487K, capacity 95060K, committed 95192K, reserved 1132544K
  class space    used 11599K, capacity 12449K, committed 12544K, reserved 1048576K
Event: 4457.966 GC heap after
Heap after GC invocations=27 (full 3):
 PSYoungGen      total 197632K, used 16261K [0x00000000e0000000, 0x00000000ef500000, 0x0000000100000000)
  eden space 156672K, 0% used [0x00000000e0000000,0x00000000e0000000,0x00000000e9900000)
  from space 40960K, 39% used [0x00000000ecd00000,0x00000000edce1700,0x00000000ef500000)
  to   space 47104K, 0% used [0x00000000e9900000,0x00000000e9900000,0x00000000ec700000)
 ParOldGen       total 124416K, used 96151K [0x00000000a0000000, 0x00000000a7980000, 0x00000000e0000000)
  object space 124416K, 77% used [0x00000000a0000000,0x00000000a5de5d48,0x00000000a7980000)
 Metaspace       used 90487K, capacity 95060K, committed 95192K, reserved 1132544K
  class space    used 11599K, capacity 12449K, committed 12544K, reserved 1048576K
}
Event: 4468.127 GC heap before
{Heap before GC invocations=28 (full 3):
 PSYoungGen      total 197632K, used 171464K [0x00000000e0000000, 0x00000000ef500000, 0x0000000100000000)
  eden space 156672K, 99% used [0x00000000e0000000,0x00000000e9790ad0,0x00000000e9900000)
  from space 40960K, 39% used [0x00000000ecd00000,0x00000000edce1700,0x00000000ef500000)
  to   space 47104K, 0% used [0x00000000e9900000,0x00000000e9900000,0x00000000ec700000)
 ParOldGen       total 124416K, used 96151K [0x00000000a0000000, 0x00000000a7980000, 0x00000000e0000000)
  object space 124416K, 77% used [0x00000000a0000000,0x00000000a5de5d48,0x00000000a7980000)
 Metaspace       used 90616K, capacity 95192K, committed 95448K, reserved 1132544K
  class space    used 11600K, capacity 12449K, committed 12544K, reserved 1048576K
Event: 4468.269 GC heap after
Heap after GC invocations=28 (full 3):
 PSYoungGen      total 198656K, used 43621K [0x00000000e0000000, 0x00000000efa00000, 0x0000000100000000)
  eden space 151552K, 0% used [0x00000000e0000000,0x00000000e0000000,0x00000000e9400000)
  from space 47104K, 92% used [0x00000000e9900000,0x00000000ec3997b0,0x00000000ec700000)
  to   space 52224K, 0% used [0x00000000ec700000,0x00000000ec700000,0x00000000efa00000)
 ParOldGen       total 124416K, used 96159K [0x00000000a0000000, 0x00000000a7980000, 0x00000000e0000000)
  object space 124416K, 77% used [0x00000000a0000000,0x00000000a5de7d48,0x00000000a7980000)
 Metaspace       used 90616K, capacity 95192K, committed 95448K, reserved 1132544K
  class space    used 11600K, capacity 12449K, committed 12544K, reserved 1048576K
}
Event: 4735.814 GC heap before
{Heap before GC invocations=29 (full 3):
 PSYoungGen      total 198656K, used 195173K [0x00000000e0000000, 0x00000000efa00000, 0x0000000100000000)
  eden space 151552K, 100% used [0x00000000e0000000,0x00000000e9400000,0x00000000e9400000)
  from space 47104K, 92% used [0x00000000e9900000,0x00000000ec3997b0,0x00000000ec700000)
  to   space 52224K, 0% used [0x00000000ec700000,0x00000000ec700000,0x00000000efa00000)
 ParOldGen       total 124416K, used 96159K [0x00000000a0000000, 0x00000000a7980000, 0x00000000e0000000)
  object space 124416K, 77% used [0x00000000a0000000,0x00000000a5de7d48,0x00000000a7980000)
 Metaspace       used 91731K, capacity 97462K, committed 97496K, reserved 1134592K
  class space    used 11796K, capacity 12774K, committed 12800K, reserved 1048576K

